SF:lib\domain\usecases\tv\search_tv_series.dart
DA:9,0
DA:11,0
DA:12,0
LF:3
LH:0
end_of_record
SF:lib\presentation\bloc\search_bloc.dart
DA:13,3
DA:14,2
DA:15,1
DA:17,2
DA:18,3
DA:20,1
DA:21,1
DA:22,3
DA:24,1
DA:25,2
DA:28,1
DA:32,2
DA:33,6
DA:39,3
DA:40,2
DA:41,1
DA:43,2
DA:44,3
DA:46,1
DA:47,1
DA:48,3
DA:50,1
DA:51,2
DA:54,1
LF:24
LH:24
end_of_record
SF:lib\presentation\bloc\state\search_state.dart
DA:4,4
DA:6,2
DA:7,2
DA:17,4
DA:19,2
DA:20,4
DA:26,1
DA:28,1
DA:29,2
DA:35,1
DA:37,1
DA:38,2
LF:12
LH:12
end_of_record
SF:lib\presentation\bloc\event\search_event.dart
DA:4,2
DA:6,0
DA:7,0
DA:13,2
DA:15,0
DA:16,0
LF:6
LH:2
end_of_record
SF:lib\domain\usecases\search_movies.dart
DA:9,0
DA:11,0
DA:12,0
LF:3
LH:0
end_of_record
SF:lib\presentation\pages\search_page_movies.dart
DA:13,0
DA:15,0
DA:16,0
DA:19,0
DA:21,0
DA:23,0
DA:24,0
DA:25,0
DA:26,0
DA:36,0
DA:38,0
DA:40,0
DA:41,0
DA:42,0
DA:46,0
DA:47,0
DA:48,0
DA:49,0
DA:51,0
DA:52,0
DA:53,0
DA:55,0
DA:58,0
DA:59,0
DA:60,0
DA:61,0
DA:65,0
DA:66,0
LF:28
LH:0
end_of_record
SF:lib\presentation\pages\tv\search_page_tv_series.dart
DA:13,0
DA:15,0
DA:16,0
DA:19,0
DA:21,0
DA:23,0
DA:24,0
DA:25,0
DA:26,0
DA:36,0
DA:38,0
DA:40,0
DA:41,0
DA:42,0
DA:46,0
DA:47,0
DA:48,0
DA:49,0
DA:51,0
DA:52,0
DA:53,0
DA:55,0
DA:58,0
DA:59,0
DA:60,0
DA:61,0
DA:65,0
DA:66,0
LF:28
LH:0
end_of_record
SF:lib\presentation\provider\movie_search_notifier.dart
DA:9,0
DA:12,0
DA:15,0
DA:18,0
DA:20,0
DA:21,0
DA:22,0
DA:24,0
DA:25,0
DA:26,0
DA:27,0
DA:28,0
DA:29,0
DA:31,0
DA:32,0
DA:33,0
DA:34,0
LF:17
LH:0
end_of_record
SF:lib\presentation\provider\tv\tv_series_search_notifier.dart
DA:9,0
DA:12,0
DA:15,0
DA:18,0
DA:20,0
DA:21,0
DA:22,0
DA:24,0
DA:25,0
DA:26,0
DA:27,0
DA:28,0
DA:29,0
DA:31,0
DA:32,0
DA:33,0
DA:34,0
LF:17
LH:0
end_of_record
